<?xml version="1.0" encoding="UTF-8"?>
<testsuite xmlns:xsi="http://www.w3.org/2001/XMLSchema-instance" xsi:noNamespaceSchemaLocation="https://maven.apache.org/surefire/maven-surefire-plugin/xsd/surefire-test-report-3.0.xsd" version="3.0" name="dev.ifrs.UserTest" time="0.962" tests="2" errors="0" skipped="0" failures="0">
  <properties>
    <property name="java.specification.version" value="18"/>
    <property name="sun.jnu.encoding" value="UTF-8"/>
    <property name="java.class.path" value="/Users/francisco.mossi/Documents/ifrs/vvs-junit5/target/test-classes:/Users/francisco.mossi/Documents/ifrs/vvs-junit5/target/classes:/Users/francisco.mossi/.m2/repository/org/mockito/mockito-junit-jupiter/4.5.1/mockito-junit-jupiter-4.5.1.jar:/Users/francisco.mossi/.m2/repository/org/mockito/mockito-core/4.7.0/mockito-core-4.7.0.jar:/Users/francisco.mossi/.m2/repository/net/bytebuddy/byte-buddy/1.12.9/byte-buddy-1.12.9.jar:/Users/francisco.mossi/.m2/repository/net/bytebuddy/byte-buddy-agent/1.12.13/byte-buddy-agent-1.12.13.jar:/Users/francisco.mossi/.m2/repository/org/objenesis/objenesis/3.2/objenesis-3.2.jar:/Users/francisco.mossi/.m2/repository/org/junit/jupiter/junit-jupiter-api/5.9.0/junit-jupiter-api-5.9.0.jar:/Users/francisco.mossi/.m2/repository/org/opentest4j/opentest4j/1.2.0/opentest4j-1.2.0.jar:/Users/francisco.mossi/.m2/repository/org/junit/platform/junit-platform-commons/1.9.0/junit-platform-commons-1.9.0.jar:/Users/francisco.mossi/.m2/repository/org/apiguardian/apiguardian-api/1.1.2/apiguardian-api-1.1.2.jar:/Users/francisco.mossi/.m2/repository/io/quarkus/quarkus-arc/2.12.0.Final/quarkus-arc-2.12.0.Final.jar:/Users/francisco.mossi/.m2/repository/io/quarkus/arc/arc/2.12.0.Final/arc-2.12.0.Final.jar:/Users/francisco.mossi/.m2/repository/jakarta/enterprise/jakarta.enterprise.cdi-api/2.0.2/jakarta.enterprise.cdi-api-2.0.2.jar:/Users/francisco.mossi/.m2/repository/jakarta/el/jakarta.el-api/3.0.3/jakarta.el-api-3.0.3.jar:/Users/francisco.mossi/.m2/repository/jakarta/interceptor/jakarta.interceptor-api/1.2.5/jakarta.interceptor-api-1.2.5.jar:/Users/francisco.mossi/.m2/repository/jakarta/annotation/jakarta.annotation-api/1.3.5/jakarta.annotation-api-1.3.5.jar:/Users/francisco.mossi/.m2/repository/jakarta/transaction/jakarta.transaction-api/1.3.3/jakarta.transaction-api-1.3.3.jar:/Users/francisco.mossi/.m2/repository/org/jboss/logging/jboss-logging/3.5.0.Final/jboss-logging-3.5.0.Final.jar:/Users/francisco.mossi/.m2/repository/io/quarkus/quarkus-core/2.12.0.Final/quarkus-core-2.12.0.Final.jar:/Users/francisco.mossi/.m2/repository/jakarta/inject/jakarta.inject-api/1.0/jakarta.inject-api-1.0.jar:/Users/francisco.mossi/.m2/repository/io/quarkus/quarkus-ide-launcher/2.12.0.Final/quarkus-ide-launcher-2.12.0.Final.jar:/Users/francisco.mossi/.m2/repository/io/quarkus/quarkus-development-mode-spi/2.12.0.Final/quarkus-development-mode-spi-2.12.0.Final.jar:/Users/francisco.mossi/.m2/repository/io/smallrye/config/smallrye-config/2.11.1/smallrye-config-2.11.1.jar:/Users/francisco.mossi/.m2/repository/io/smallrye/config/smallrye-config-core/2.11.1/smallrye-config-core-2.11.1.jar:/Users/francisco.mossi/.m2/repository/org/eclipse/microprofile/config/microprofile-config-api/2.0.1/microprofile-config-api-2.0.1.jar:/Users/francisco.mossi/.m2/repository/io/smallrye/common/smallrye-common-expression/1.13.0/smallrye-common-expression-1.13.0.jar:/Users/francisco.mossi/.m2/repository/io/smallrye/common/smallrye-common-function/1.13.0/smallrye-common-function-1.13.0.jar:/Users/francisco.mossi/.m2/repository/io/smallrye/common/smallrye-common-classloader/1.13.0/smallrye-common-classloader-1.13.0.jar:/Users/francisco.mossi/.m2/repository/io/smallrye/config/smallrye-config-common/2.11.1/smallrye-config-common-2.11.1.jar:/Users/francisco.mossi/.m2/repository/org/jboss/logmanager/jboss-logmanager-embedded/1.0.10/jboss-logmanager-embedded-1.0.10.jar:/Users/francisco.mossi/.m2/repository/org/jboss/logging/jboss-logging-annotations/2.2.1.Final/jboss-logging-annotations-2.2.1.Final.jar:/Users/francisco.mossi/.m2/repository/org/jboss/threads/jboss-threads/3.4.2.Final/jboss-threads-3.4.2.Final.jar:/Users/francisco.mossi/.m2/repository/org/slf4j/slf4j-api/1.7.36/slf4j-api-1.7.36.jar:/Users/francisco.mossi/.m2/repository/org/jboss/slf4j/slf4j-jboss-logmanager/1.1.0.Final/slf4j-jboss-logmanager-1.1.0.Final.jar:/Users/francisco.mossi/.m2/repository/org/graalvm/sdk/graal-sdk/22.2.0/graal-sdk-22.2.0.jar:/Users/francisco.mossi/.m2/repository/org/wildfly/common/wildfly-common/1.5.4.Final-format-001/wildfly-common-1.5.4.Final-format-001.jar:/Users/francisco.mossi/.m2/repository/io/quarkus/quarkus-bootstrap-runner/2.12.0.Final/quarkus-bootstrap-runner-2.12.0.Final.jar:/Users/francisco.mossi/.m2/repository/io/quarkus/quarkus-fs-util/0.0.9/quarkus-fs-util-0.0.9.jar:/Users/francisco.mossi/.m2/repository/org/eclipse/microprofile/context-propagation/microprofile-context-propagation-api/1.2/microprofile-context-propagation-api-1.2.jar:/Users/francisco.mossi/.m2/repository/io/quarkus/quarkus-resteasy-reactive/2.12.0.Final/quarkus-resteasy-reactive-2.12.0.Final.jar:/Users/francisco.mossi/.m2/repository/io/quarkus/quarkus-resteasy-reactive-common/2.12.0.Final/quarkus-resteasy-reactive-common-2.12.0.Final.jar:/Users/francisco.mossi/.m2/repository/io/quarkus/resteasy/reactive/resteasy-reactive-common/2.12.0.Final/resteasy-reactive-common-2.12.0.Final.jar:/Users/francisco.mossi/.m2/repository/io/quarkus/resteasy/reactive/resteasy-reactive-common-types/2.12.0.Final/resteasy-reactive-common-types-2.12.0.Final.jar:/Users/francisco.mossi/.m2/repository/io/smallrye/reactive/mutiny/1.7.0/mutiny-1.7.0.jar:/Users/francisco.mossi/.m2/repository/org/reactivestreams/reactive-streams/1.0.3/reactive-streams-1.0.3.jar:/Users/francisco.mossi/.m2/repository/io/smallrye/common/smallrye-common-annotation/1.13.0/smallrye-common-annotation-1.13.0.jar:/Users/francisco.mossi/.m2/repository/io/quarkus/quarkus-mutiny/2.12.0.Final/quarkus-mutiny-2.12.0.Final.jar:/Users/francisco.mossi/.m2/repository/io/quarkus/quarkus-smallrye-context-propagation/2.12.0.Final/quarkus-smallrye-context-propagation-2.12.0.Final.jar:/Users/francisco.mossi/.m2/repository/io/smallrye/smallrye-context-propagation/1.2.2/smallrye-context-propagation-1.2.2.jar:/Users/francisco.mossi/.m2/repository/io/smallrye/smallrye-context-propagation-api/1.2.2/smallrye-context-propagation-api-1.2.2.jar:/Users/francisco.mossi/.m2/repository/io/smallrye/smallrye-context-propagation-storage/1.2.2/smallrye-context-propagation-storage-1.2.2.jar:/Users/francisco.mossi/.m2/repository/io/smallrye/reactive/mutiny-smallrye-context-propagation/1.7.0/mutiny-smallrye-context-propagation-1.7.0.jar:/Users/francisco.mossi/.m2/repository/io/quarkus/quarkus-vertx/2.12.0.Final/quarkus-vertx-2.12.0.Final.jar:/Users/francisco.mossi/.m2/repository/io/quarkus/quarkus-netty/2.12.0.Final/quarkus-netty-2.12.0.Final.jar:/Users/francisco.mossi/.m2/repository/io/netty/netty-codec/4.1.79.Final/netty-codec-4.1.79.Final.jar:/Users/francisco.mossi/.m2/repository/io/netty/netty-codec-http/4.1.79.Final/netty-codec-http-4.1.79.Final.jar:/Users/francisco.mossi/.m2/repository/io/netty/netty-codec-http2/4.1.79.Final/netty-codec-http2-4.1.79.Final.jar:/Users/francisco.mossi/.m2/repository/io/netty/netty-handler/4.1.79.Final/netty-handler-4.1.79.Final.jar:/Users/francisco.mossi/.m2/repository/io/netty/netty-transport-native-unix-common/4.1.79.Final/netty-transport-native-unix-common-4.1.79.Final.jar:/Users/francisco.mossi/.m2/repository/com/aayushatharva/brotli4j/brotli4j/1.7.1/brotli4j-1.7.1.jar:/Users/francisco.mossi/.m2/repository/com/aayushatharva/brotli4j/native-osx-x86_64/1.7.1/native-osx-x86_64-1.7.1.jar:/Users/francisco.mossi/.m2/repository/io/netty/netty-codec-haproxy/4.1.79.Final/netty-codec-haproxy-4.1.79.Final.jar:/Users/francisco.mossi/.m2/repository/io/netty/netty-buffer/4.1.79.Final/netty-buffer-4.1.79.Final.jar:/Users/francisco.mossi/.m2/repository/io/netty/netty-transport/4.1.79.Final/netty-transport-4.1.79.Final.jar:/Users/francisco.mossi/.m2/repository/io/quarkus/quarkus-vertx-latebound-mdc-provider/2.12.0.Final/quarkus-vertx-latebound-mdc-provider-2.12.0.Final.jar:/Users/francisco.mossi/.m2/repository/io/smallrye/smallrye-fault-tolerance-vertx/5.5.0/smallrye-fault-tolerance-vertx-5.5.0.jar:/Users/francisco.mossi/.m2/repository/io/quarkus/resteasy/reactive/resteasy-reactive-vertx/2.12.0.Final/resteasy-reactive-vertx-2.12.0.Final.jar:/Users/francisco.mossi/.m2/repository/io/vertx/vertx-web/4.3.2/vertx-web-4.3.2.jar:/Users/francisco.mossi/.m2/repository/io/vertx/vertx-web-common/4.3.2/vertx-web-common-4.3.2.jar:/Users/francisco.mossi/.m2/repository/io/vertx/vertx-auth-common/4.3.2/vertx-auth-common-4.3.2.jar:/Users/francisco.mossi/.m2/repository/io/vertx/vertx-bridge-common/4.3.2/vertx-bridge-common-4.3.2.jar:/Users/francisco.mossi/.m2/repository/io/vertx/vertx-core/4.3.2/vertx-core-4.3.2.jar:/Users/francisco.mossi/.m2/repository/io/netty/netty-common/4.1.79.Final/netty-common-4.1.79.Final.jar:/Users/francisco.mossi/.m2/repository/io/netty/netty-handler-proxy/4.1.79.Final/netty-handler-proxy-4.1.79.Final.jar:/Users/francisco.mossi/.m2/repository/io/netty/netty-codec-socks/4.1.79.Final/netty-codec-socks-4.1.79.Final.jar:/Users/francisco.mossi/.m2/repository/io/netty/netty-resolver/4.1.79.Final/netty-resolver-4.1.79.Final.jar:/Users/francisco.mossi/.m2/repository/io/netty/netty-resolver-dns/4.1.79.Final/netty-resolver-dns-4.1.79.Final.jar:/Users/francisco.mossi/.m2/repository/io/netty/netty-codec-dns/4.1.79.Final/netty-codec-dns-4.1.79.Final.jar:/Users/francisco.mossi/.m2/repository/com/fasterxml/jackson/core/jackson-core/2.13.3/jackson-core-2.13.3.jar:/Users/francisco.mossi/.m2/repository/io/smallrye/reactive/smallrye-mutiny-vertx-core/2.25.0/smallrye-mutiny-vertx-core-2.25.0.jar:/Users/francisco.mossi/.m2/repository/io/smallrye/reactive/smallrye-mutiny-vertx-runtime/2.25.0/smallrye-mutiny-vertx-runtime-2.25.0.jar:/Users/francisco.mossi/.m2/repository/io/smallrye/reactive/vertx-mutiny-generator/2.25.0/vertx-mutiny-generator-2.25.0.jar:/Users/francisco.mossi/.m2/repository/io/vertx/vertx-codegen/4.3.2/vertx-codegen-4.3.2.jar:/Users/francisco.mossi/.m2/repository/io/quarkus/resteasy/reactive/resteasy-reactive/2.12.0.Final/resteasy-reactive-2.12.0.Final.jar:/Users/francisco.mossi/.m2/repository/org/jboss/spec/javax/ws/rs/jboss-jaxrs-api_2.1_spec/2.0.1.Final/jboss-jaxrs-api_2.1_spec-2.0.1.Final.jar:/Users/francisco.mossi/.m2/repository/org/jboss/logging/commons-logging-jboss-logging/1.0.0.Final/commons-logging-jboss-logging-1.0.0.Final.jar:/Users/francisco.mossi/.m2/repository/io/quarkus/quarkus-vertx-http/2.12.0.Final/quarkus-vertx-http-2.12.0.Final.jar:/Users/francisco.mossi/.m2/repository/io/quarkus/quarkus-security-runtime-spi/2.12.0.Final/quarkus-security-runtime-spi-2.12.0.Final.jar:/Users/francisco.mossi/.m2/repository/io/quarkus/quarkus-credentials/2.12.0.Final/quarkus-credentials-2.12.0.Final.jar:/Users/francisco.mossi/.m2/repository/io/smallrye/common/smallrye-common-vertx-context/1.13.0/smallrye-common-vertx-context-1.13.0.jar:/Users/francisco.mossi/.m2/repository/io/smallrye/common/smallrye-common-constraint/1.13.0/smallrye-common-constraint-1.13.0.jar:/Users/francisco.mossi/.m2/repository/io/quarkus/quarkus-vertx-http-dev-console-runtime-spi/2.12.0.Final/quarkus-vertx-http-dev-console-runtime-spi-2.12.0.Final.jar:/Users/francisco.mossi/.m2/repository/io/quarkus/security/quarkus-security/1.1.4.Final/quarkus-security-1.1.4.Final.jar:/Users/francisco.mossi/.m2/repository/io/smallrye/reactive/smallrye-mutiny-vertx-web/2.25.0/smallrye-mutiny-vertx-web-2.25.0.jar:/Users/francisco.mossi/.m2/repository/io/smallrye/reactive/smallrye-mutiny-vertx-web-common/2.25.0/smallrye-mutiny-vertx-web-common-2.25.0.jar:/Users/francisco.mossi/.m2/repository/io/smallrye/reactive/smallrye-mutiny-vertx-auth-common/2.25.0/smallrye-mutiny-vertx-auth-common-2.25.0.jar:/Users/francisco.mossi/.m2/repository/io/smallrye/reactive/smallrye-mutiny-vertx-bridge-common/2.25.0/smallrye-mutiny-vertx-bridge-common-2.25.0.jar:/Users/francisco.mossi/.m2/repository/io/smallrye/reactive/smallrye-mutiny-vertx-uri-template/2.25.0/smallrye-mutiny-vertx-uri-template-2.25.0.jar:/Users/francisco.mossi/.m2/repository/io/vertx/vertx-uri-template/4.3.2/vertx-uri-template-4.3.2.jar:/Users/francisco.mossi/.m2/repository/io/github/crac/org-crac/0.1.1/org-crac-0.1.1.jar:/Users/francisco.mossi/.m2/repository/io/quarkus/quarkus-jsonp/2.12.0.Final/quarkus-jsonp-2.12.0.Final.jar:/Users/francisco.mossi/.m2/repository/org/glassfish/jakarta.json/1.1.6/jakarta.json-1.1.6.jar:/Users/francisco.mossi/.m2/repository/io/quarkus/quarkus-resteasy-reactive-jackson/2.12.0.Final/quarkus-resteasy-reactive-jackson-2.12.0.Final.jar:/Users/francisco.mossi/.m2/repository/io/quarkus/quarkus-resteasy-reactive-jackson-common/2.12.0.Final/quarkus-resteasy-reactive-jackson-common-2.12.0.Final.jar:/Users/francisco.mossi/.m2/repository/io/quarkus/resteasy/reactive/resteasy-reactive-jackson/2.12.0.Final/resteasy-reactive-jackson-2.12.0.Final.jar:/Users/francisco.mossi/.m2/repository/com/fasterxml/jackson/core/jackson-databind/2.13.3/jackson-databind-2.13.3.jar:/Users/francisco.mossi/.m2/repository/com/fasterxml/jackson/core/jackson-annotations/2.13.3/jackson-annotations-2.13.3.jar:/Users/francisco.mossi/.m2/repository/io/quarkus/quarkus-jackson/2.12.0.Final/quarkus-jackson-2.12.0.Final.jar:/Users/francisco.mossi/.m2/repository/com/fasterxml/jackson/datatype/jackson-datatype-jsr310/2.13.3/jackson-datatype-jsr310-2.13.3.jar:/Users/francisco.mossi/.m2/repository/com/fasterxml/jackson/datatype/jackson-datatype-jdk8/2.13.3/jackson-datatype-jdk8-2.13.3.jar:/Users/francisco.mossi/.m2/repository/com/fasterxml/jackson/module/jackson-module-parameter-names/2.13.3/jackson-module-parameter-names-2.13.3.jar:/Users/francisco.mossi/.m2/repository/io/quarkus/quarkus-junit5/2.12.0.Final/quarkus-junit5-2.12.0.Final.jar:/Users/francisco.mossi/.m2/repository/io/quarkus/quarkus-bootstrap-core/2.12.0.Final/quarkus-bootstrap-core-2.12.0.Final.jar:/Users/francisco.mossi/.m2/repository/io/quarkus/quarkus-bootstrap-app-model/2.12.0.Final/quarkus-bootstrap-app-model-2.12.0.Final.jar:/Users/francisco.mossi/.m2/repository/io/quarkus/quarkus-bootstrap-maven-resolver/2.12.0.Final/quarkus-bootstrap-maven-resolver-2.12.0.Final.jar:/Users/francisco.mossi/.m2/repository/org/apache/maven/maven-embedder/3.8.6/maven-embedder-3.8.6.jar:/Users/francisco.mossi/.m2/repository/org/apache/maven/maven-settings/3.8.6/maven-settings-3.8.6.jar:/Users/francisco.mossi/.m2/repository/org/apache/maven/maven-core/3.8.6/maven-core-3.8.6.jar:/Users/francisco.mossi/.m2/repository/org/apache/maven/maven-artifact/3.8.6/maven-artifact-3.8.6.jar:/Users/francisco.mossi/.m2/repository/org/codehaus/plexus/plexus-component-annotations/2.1.0/plexus-component-annotations-2.1.0.jar:/Users/francisco.mossi/.m2/repository/org/apache/maven/maven-plugin-api/3.8.6/maven-plugin-api-3.8.6.jar:/Users/francisco.mossi/.m2/repository/org/apache/maven/maven-model/3.8.6/maven-model-3.8.6.jar:/Users/francisco.mossi/.m2/repository/org/apache/maven/maven-model-builder/3.8.6/maven-model-builder-3.8.6.jar:/Users/francisco.mossi/.m2/repository/org/apache/maven/maven-builder-support/3.8.6/maven-builder-support-3.8.6.jar:/Users/francisco.mossi/.m2/repository/org/apache/maven/resolver/maven-resolver-api/1.6.3/maven-resolver-api-1.6.3.jar:/Users/francisco.mossi/.m2/repository/org/apache/maven/resolver/maven-resolver-util/1.6.3/maven-resolver-util-1.6.3.jar:/Users/francisco.mossi/.m2/repository/org/apache/maven/shared/maven-shared-utils/3.3.4/maven-shared-utils-3.3.4.jar:/Users/francisco.mossi/.m2/repository/commons-io/commons-io/2.11.0/commons-io-2.11.0.jar:/Users/francisco.mossi/.m2/repository/com/google/inject/guice/4.2.2/guice-4.2.2-no_aop.jar:/Users/francisco.mossi/.m2/repository/com/google/guava/guava/31.1-jre/guava-31.1-jre.jar:/Users/francisco.mossi/.m2/repository/com/google/guava/failureaccess/1.0.1/failureaccess-1.0.1.jar:/Users/francisco.mossi/.m2/repository/org/codehaus/plexus/plexus-classworlds/2.6.0/plexus-classworlds-2.6.0.jar:/Users/francisco.mossi/.m2/repository/org/codehaus/plexus/plexus-sec-dispatcher/2.0/plexus-sec-dispatcher-2.0.jar:/Users/francisco.mossi/.m2/repository/org/codehaus/plexus/plexus-cipher/2.0/plexus-cipher-2.0.jar:/Users/francisco.mossi/.m2/repository/commons-cli/commons-cli/1.4/commons-cli-1.4.jar:/Users/francisco.mossi/.m2/repository/org/eclipse/sisu/org.eclipse.sisu.plexus/0.3.5/org.eclipse.sisu.plexus-0.3.5.jar:/Users/francisco.mossi/.m2/repository/org/apache/maven/maven-settings-builder/3.8.6/maven-settings-builder-3.8.6.jar:/Users/francisco.mossi/.m2/repository/org/codehaus/plexus/plexus-interpolation/1.26/plexus-interpolation-1.26.jar:/Users/francisco.mossi/.m2/repository/org/apache/maven/maven-resolver-provider/3.8.6/maven-resolver-provider-3.8.6.jar:/Users/francisco.mossi/.m2/repository/org/apache/maven/maven-repository-metadata/3.8.6/maven-repository-metadata-3.8.6.jar:/Users/francisco.mossi/.m2/repository/org/apache/maven/resolver/maven-resolver-spi/1.6.3/maven-resolver-spi-1.6.3.jar:/Users/francisco.mossi/.m2/repository/org/apache/maven/resolver/maven-resolver-impl/1.6.3/maven-resolver-impl-1.6.3.jar:/Users/francisco.mossi/.m2/repository/org/codehaus/plexus/plexus-utils/3.3.0/plexus-utils-3.3.0.jar:/Users/francisco.mossi/.m2/repository/org/apache/maven/resolver/maven-resolver-connector-basic/1.6.3/maven-resolver-connector-basic-1.6.3.jar:/Users/francisco.mossi/.m2/repository/org/apache/maven/resolver/maven-resolver-transport-wagon/1.6.3/maven-resolver-transport-wagon-1.6.3.jar:/Users/francisco.mossi/.m2/repository/org/apache/maven/wagon/wagon-http/3.5.1/wagon-http-3.5.1.jar:/Users/francisco.mossi/.m2/repository/org/apache/maven/wagon/wagon-http-shared/3.5.1/wagon-http-shared-3.5.1.jar:/Users/francisco.mossi/.m2/repository/org/apache/maven/wagon/wagon-provider-api/3.5.1/wagon-provider-api-3.5.1.jar:/Users/francisco.mossi/.m2/repository/org/apache/maven/wagon/wagon-file/3.5.1/wagon-file-3.5.1.jar:/Users/francisco.mossi/.m2/repository/io/quarkus/quarkus-bootstrap-gradle-resolver/2.12.0.Final/quarkus-bootstrap-gradle-resolver-2.12.0.Final.jar:/Users/francisco.mossi/.m2/repository/io/smallrye/common/smallrye-common-io/1.13.0/smallrye-common-io-1.13.0.jar:/Users/francisco.mossi/.m2/repository/org/eclipse/sisu/org.eclipse.sisu.inject/0.3.5/org.eclipse.sisu.inject-0.3.5.jar:/Users/francisco.mossi/.m2/repository/io/quarkus/quarkus-test-common/2.12.0.Final/quarkus-test-common-2.12.0.Final.jar:/Users/francisco.mossi/.m2/repository/io/quarkus/quarkus-core-deployment/2.12.0.Final/quarkus-core-deployment-2.12.0.Final.jar:/Users/francisco.mossi/.m2/repository/org/aesh/readline/2.2/readline-2.2.jar:/Users/francisco.mossi/.m2/repository/org/fusesource/jansi/jansi/1.18/jansi-1.18.jar:/Users/francisco.mossi/.m2/repository/org/aesh/aesh/2.6/aesh-2.6.jar:/Users/francisco.mossi/.m2/repository/io/quarkus/gizmo/gizmo/1.1.0.Final/gizmo-1.1.0.Final.jar:/Users/francisco.mossi/.m2/repository/org/ow2/asm/asm-util/9.3/asm-util-9.3.jar:/Users/francisco.mossi/.m2/repository/org/ow2/asm/asm/9.3/asm-9.3.jar:/Users/francisco.mossi/.m2/repository/org/ow2/asm/asm-commons/9.3/asm-commons-9.3.jar:/Users/francisco.mossi/.m2/repository/org/ow2/asm/asm-tree/9.3/asm-tree-9.3.jar:/Users/francisco.mossi/.m2/repository/org/ow2/asm/asm-analysis/9.3/asm-analysis-9.3.jar:/Users/francisco.mossi/.m2/repository/io/quarkus/quarkus-class-change-agent/2.12.0.Final/quarkus-class-change-agent-2.12.0.Final.jar:/Users/francisco.mossi/.m2/repository/io/quarkus/quarkus-devtools-utilities/2.12.0.Final/quarkus-devtools-utilities-2.12.0.Final.jar:/Users/francisco.mossi/.m2/repository/io/quarkus/quarkus-builder/2.12.0.Final/quarkus-builder-2.12.0.Final.jar:/Users/francisco.mossi/.m2/repository/org/junit/platform/junit-platform-launcher/1.9.0/junit-platform-launcher-1.9.0.jar:/Users/francisco.mossi/.m2/repository/org/jboss/jandex/2.4.3.Final/jandex-2.4.3.Final.jar:/Users/francisco.mossi/.m2/repository/io/quarkus/quarkus-junit5-properties/2.12.0.Final/quarkus-junit5-properties-2.12.0.Final.jar:/Users/francisco.mossi/.m2/repository/org/junit/jupiter/junit-jupiter/5.9.0/junit-jupiter-5.9.0.jar:/Users/francisco.mossi/.m2/repository/org/junit/jupiter/junit-jupiter-params/5.9.0/junit-jupiter-params-5.9.0.jar:/Users/francisco.mossi/.m2/repository/org/junit/jupiter/junit-jupiter-engine/5.9.0/junit-jupiter-engine-5.9.0.jar:/Users/francisco.mossi/.m2/repository/org/junit/platform/junit-platform-engine/1.9.0/junit-platform-engine-1.9.0.jar:/Users/francisco.mossi/.m2/repository/com/thoughtworks/xstream/xstream/1.4.19/xstream-1.4.19.jar:/Users/francisco.mossi/.m2/repository/io/github/x-stream/mxparser/1.2.2/mxparser-1.2.2.jar:/Users/francisco.mossi/.m2/repository/xmlpull/xmlpull/1.1.3.1/xmlpull-1.1.3.1.jar:/Users/francisco.mossi/.m2/repository/io/rest-assured/rest-assured/4.5.1/rest-assured-4.5.1.jar:/Users/francisco.mossi/.m2/repository/org/codehaus/groovy/groovy/3.0.9/groovy-3.0.9.jar:/Users/francisco.mossi/.m2/repository/org/codehaus/groovy/groovy-xml/3.0.9/groovy-xml-3.0.9.jar:/Users/francisco.mossi/.m2/repository/org/apache/httpcomponents/httpclient/4.5.13/httpclient-4.5.13.jar:/Users/francisco.mossi/.m2/repository/org/apache/httpcomponents/httpcore/4.4.15/httpcore-4.4.15.jar:/Users/francisco.mossi/.m2/repository/commons-codec/commons-codec/1.15/commons-codec-1.15.jar:/Users/francisco.mossi/.m2/repository/org/apache/httpcomponents/httpmime/4.5.13/httpmime-4.5.13.jar:/Users/francisco.mossi/.m2/repository/org/hamcrest/hamcrest/2.1/hamcrest-2.1.jar:/Users/francisco.mossi/.m2/repository/org/ccil/cowan/tagsoup/tagsoup/1.2.1/tagsoup-1.2.1.jar:/Users/francisco.mossi/.m2/repository/io/rest-assured/json-path/4.5.1/json-path-4.5.1.jar:/Users/francisco.mossi/.m2/repository/org/codehaus/groovy/groovy-json/3.0.9/groovy-json-3.0.9.jar:/Users/francisco.mossi/.m2/repository/io/rest-assured/rest-assured-common/4.5.1/rest-assured-common-4.5.1.jar:/Users/francisco.mossi/.m2/repository/io/rest-assured/xml-path/4.5.1/xml-path-4.5.1.jar:/Users/francisco.mossi/.m2/repository/org/apache/commons/commons-lang3/3.12.0/commons-lang3-3.12.0.jar:"/>
    <property name="java.vm.vendor" value="Homebrew"/>
    <property name="sun.arch.data.model" value="64"/>
    <property name="java.vendor.url" value="https://github.com/Homebrew/homebrew-core/issues"/>
    <property name="user.timezone" value="America/Sao_Paulo"/>
    <property name="os.name" value="Mac OS X"/>
    <property name="java.vm.specification.version" value="18"/>
    <property name="sun.java.launcher" value="SUN_STANDARD"/>
    <property name="user.country" value="BR"/>
    <property name="sun.boot.library.path" value="/usr/local/Cellar/openjdk/18.0.1.1/libexec/openjdk.jdk/Contents/Home/lib"/>
    <property name="sun.java.command" value="/Users/francisco.mossi/Documents/ifrs/vvs-junit5/target/surefire/surefirebooter-20221206193843878_3.jar /Users/francisco.mossi/Documents/ifrs/vvs-junit5/target/surefire 2022-12-06T19-38-43_633-jvmRun1 surefire-20221206193843878_1tmp surefire_0-20221206193843878_2tmp"/>
    <property name="http.nonProxyHosts" value="local|*.local|169.254/16|*.169.254/16"/>
    <property name="jdk.debug" value="release"/>
    <property name="maven.home" value="/usr/local/Cellar/maven/3.8.5/libexec"/>
    <property name="surefire.test.class.path" value="/Users/francisco.mossi/Documents/ifrs/vvs-junit5/target/test-classes:/Users/francisco.mossi/Documents/ifrs/vvs-junit5/target/classes:/Users/francisco.mossi/.m2/repository/org/mockito/mockito-junit-jupiter/4.5.1/mockito-junit-jupiter-4.5.1.jar:/Users/francisco.mossi/.m2/repository/org/mockito/mockito-core/4.7.0/mockito-core-4.7.0.jar:/Users/francisco.mossi/.m2/repository/net/bytebuddy/byte-buddy/1.12.9/byte-buddy-1.12.9.jar:/Users/francisco.mossi/.m2/repository/net/bytebuddy/byte-buddy-agent/1.12.13/byte-buddy-agent-1.12.13.jar:/Users/francisco.mossi/.m2/repository/org/objenesis/objenesis/3.2/objenesis-3.2.jar:/Users/francisco.mossi/.m2/repository/org/junit/jupiter/junit-jupiter-api/5.9.0/junit-jupiter-api-5.9.0.jar:/Users/francisco.mossi/.m2/repository/org/opentest4j/opentest4j/1.2.0/opentest4j-1.2.0.jar:/Users/francisco.mossi/.m2/repository/org/junit/platform/junit-platform-commons/1.9.0/junit-platform-commons-1.9.0.jar:/Users/francisco.mossi/.m2/repository/org/apiguardian/apiguardian-api/1.1.2/apiguardian-api-1.1.2.jar:/Users/francisco.mossi/.m2/repository/io/quarkus/quarkus-arc/2.12.0.Final/quarkus-arc-2.12.0.Final.jar:/Users/francisco.mossi/.m2/repository/io/quarkus/arc/arc/2.12.0.Final/arc-2.12.0.Final.jar:/Users/francisco.mossi/.m2/repository/jakarta/enterprise/jakarta.enterprise.cdi-api/2.0.2/jakarta.enterprise.cdi-api-2.0.2.jar:/Users/francisco.mossi/.m2/repository/jakarta/el/jakarta.el-api/3.0.3/jakarta.el-api-3.0.3.jar:/Users/francisco.mossi/.m2/repository/jakarta/interceptor/jakarta.interceptor-api/1.2.5/jakarta.interceptor-api-1.2.5.jar:/Users/francisco.mossi/.m2/repository/jakarta/annotation/jakarta.annotation-api/1.3.5/jakarta.annotation-api-1.3.5.jar:/Users/francisco.mossi/.m2/repository/jakarta/transaction/jakarta.transaction-api/1.3.3/jakarta.transaction-api-1.3.3.jar:/Users/francisco.mossi/.m2/repository/org/jboss/logging/jboss-logging/3.5.0.Final/jboss-logging-3.5.0.Final.jar:/Users/francisco.mossi/.m2/repository/io/quarkus/quarkus-core/2.12.0.Final/quarkus-core-2.12.0.Final.jar:/Users/francisco.mossi/.m2/repository/jakarta/inject/jakarta.inject-api/1.0/jakarta.inject-api-1.0.jar:/Users/francisco.mossi/.m2/repository/io/quarkus/quarkus-ide-launcher/2.12.0.Final/quarkus-ide-launcher-2.12.0.Final.jar:/Users/francisco.mossi/.m2/repository/io/quarkus/quarkus-development-mode-spi/2.12.0.Final/quarkus-development-mode-spi-2.12.0.Final.jar:/Users/francisco.mossi/.m2/repository/io/smallrye/config/smallrye-config/2.11.1/smallrye-config-2.11.1.jar:/Users/francisco.mossi/.m2/repository/io/smallrye/config/smallrye-config-core/2.11.1/smallrye-config-core-2.11.1.jar:/Users/francisco.mossi/.m2/repository/org/eclipse/microprofile/config/microprofile-config-api/2.0.1/microprofile-config-api-2.0.1.jar:/Users/francisco.mossi/.m2/repository/io/smallrye/common/smallrye-common-expression/1.13.0/smallrye-common-expression-1.13.0.jar:/Users/francisco.mossi/.m2/repository/io/smallrye/common/smallrye-common-function/1.13.0/smallrye-common-function-1.13.0.jar:/Users/francisco.mossi/.m2/repository/io/smallrye/common/smallrye-common-classloader/1.13.0/smallrye-common-classloader-1.13.0.jar:/Users/francisco.mossi/.m2/repository/io/smallrye/config/smallrye-config-common/2.11.1/smallrye-config-common-2.11.1.jar:/Users/francisco.mossi/.m2/repository/org/jboss/logmanager/jboss-logmanager-embedded/1.0.10/jboss-logmanager-embedded-1.0.10.jar:/Users/francisco.mossi/.m2/repository/org/jboss/logging/jboss-logging-annotations/2.2.1.Final/jboss-logging-annotations-2.2.1.Final.jar:/Users/francisco.mossi/.m2/repository/org/jboss/threads/jboss-threads/3.4.2.Final/jboss-threads-3.4.2.Final.jar:/Users/francisco.mossi/.m2/repository/org/slf4j/slf4j-api/1.7.36/slf4j-api-1.7.36.jar:/Users/francisco.mossi/.m2/repository/org/jboss/slf4j/slf4j-jboss-logmanager/1.1.0.Final/slf4j-jboss-logmanager-1.1.0.Final.jar:/Users/francisco.mossi/.m2/repository/org/graalvm/sdk/graal-sdk/22.2.0/graal-sdk-22.2.0.jar:/Users/francisco.mossi/.m2/repository/org/wildfly/common/wildfly-common/1.5.4.Final-format-001/wildfly-common-1.5.4.Final-format-001.jar:/Users/francisco.mossi/.m2/repository/io/quarkus/quarkus-bootstrap-runner/2.12.0.Final/quarkus-bootstrap-runner-2.12.0.Final.jar:/Users/francisco.mossi/.m2/repository/io/quarkus/quarkus-fs-util/0.0.9/quarkus-fs-util-0.0.9.jar:/Users/francisco.mossi/.m2/repository/org/eclipse/microprofile/context-propagation/microprofile-context-propagation-api/1.2/microprofile-context-propagation-api-1.2.jar:/Users/francisco.mossi/.m2/repository/io/quarkus/quarkus-resteasy-reactive/2.12.0.Final/quarkus-resteasy-reactive-2.12.0.Final.jar:/Users/francisco.mossi/.m2/repository/io/quarkus/quarkus-resteasy-reactive-common/2.12.0.Final/quarkus-resteasy-reactive-common-2.12.0.Final.jar:/Users/francisco.mossi/.m2/repository/io/quarkus/resteasy/reactive/resteasy-reactive-common/2.12.0.Final/resteasy-reactive-common-2.12.0.Final.jar:/Users/francisco.mossi/.m2/repository/io/quarkus/resteasy/reactive/resteasy-reactive-common-types/2.12.0.Final/resteasy-reactive-common-types-2.12.0.Final.jar:/Users/francisco.mossi/.m2/repository/io/smallrye/reactive/mutiny/1.7.0/mutiny-1.7.0.jar:/Users/francisco.mossi/.m2/repository/org/reactivestreams/reactive-streams/1.0.3/reactive-streams-1.0.3.jar:/Users/francisco.mossi/.m2/repository/io/smallrye/common/smallrye-common-annotation/1.13.0/smallrye-common-annotation-1.13.0.jar:/Users/francisco.mossi/.m2/repository/io/quarkus/quarkus-mutiny/2.12.0.Final/quarkus-mutiny-2.12.0.Final.jar:/Users/francisco.mossi/.m2/repository/io/quarkus/quarkus-smallrye-context-propagation/2.12.0.Final/quarkus-smallrye-context-propagation-2.12.0.Final.jar:/Users/francisco.mossi/.m2/repository/io/smallrye/smallrye-context-propagation/1.2.2/smallrye-context-propagation-1.2.2.jar:/Users/francisco.mossi/.m2/repository/io/smallrye/smallrye-context-propagation-api/1.2.2/smallrye-context-propagation-api-1.2.2.jar:/Users/francisco.mossi/.m2/repository/io/smallrye/smallrye-context-propagation-storage/1.2.2/smallrye-context-propagation-storage-1.2.2.jar:/Users/francisco.mossi/.m2/repository/io/smallrye/reactive/mutiny-smallrye-context-propagation/1.7.0/mutiny-smallrye-context-propagation-1.7.0.jar:/Users/francisco.mossi/.m2/repository/io/quarkus/quarkus-vertx/2.12.0.Final/quarkus-vertx-2.12.0.Final.jar:/Users/francisco.mossi/.m2/repository/io/quarkus/quarkus-netty/2.12.0.Final/quarkus-netty-2.12.0.Final.jar:/Users/francisco.mossi/.m2/repository/io/netty/netty-codec/4.1.79.Final/netty-codec-4.1.79.Final.jar:/Users/francisco.mossi/.m2/repository/io/netty/netty-codec-http/4.1.79.Final/netty-codec-http-4.1.79.Final.jar:/Users/francisco.mossi/.m2/repository/io/netty/netty-codec-http2/4.1.79.Final/netty-codec-http2-4.1.79.Final.jar:/Users/francisco.mossi/.m2/repository/io/netty/netty-handler/4.1.79.Final/netty-handler-4.1.79.Final.jar:/Users/francisco.mossi/.m2/repository/io/netty/netty-transport-native-unix-common/4.1.79.Final/netty-transport-native-unix-common-4.1.79.Final.jar:/Users/francisco.mossi/.m2/repository/com/aayushatharva/brotli4j/brotli4j/1.7.1/brotli4j-1.7.1.jar:/Users/francisco.mossi/.m2/repository/com/aayushatharva/brotli4j/native-osx-x86_64/1.7.1/native-osx-x86_64-1.7.1.jar:/Users/francisco.mossi/.m2/repository/io/netty/netty-codec-haproxy/4.1.79.Final/netty-codec-haproxy-4.1.79.Final.jar:/Users/francisco.mossi/.m2/repository/io/netty/netty-buffer/4.1.79.Final/netty-buffer-4.1.79.Final.jar:/Users/francisco.mossi/.m2/repository/io/netty/netty-transport/4.1.79.Final/netty-transport-4.1.79.Final.jar:/Users/francisco.mossi/.m2/repository/io/quarkus/quarkus-vertx-latebound-mdc-provider/2.12.0.Final/quarkus-vertx-latebound-mdc-provider-2.12.0.Final.jar:/Users/francisco.mossi/.m2/repository/io/smallrye/smallrye-fault-tolerance-vertx/5.5.0/smallrye-fault-tolerance-vertx-5.5.0.jar:/Users/francisco.mossi/.m2/repository/io/quarkus/resteasy/reactive/resteasy-reactive-vertx/2.12.0.Final/resteasy-reactive-vertx-2.12.0.Final.jar:/Users/francisco.mossi/.m2/repository/io/vertx/vertx-web/4.3.2/vertx-web-4.3.2.jar:/Users/francisco.mossi/.m2/repository/io/vertx/vertx-web-common/4.3.2/vertx-web-common-4.3.2.jar:/Users/francisco.mossi/.m2/repository/io/vertx/vertx-auth-common/4.3.2/vertx-auth-common-4.3.2.jar:/Users/francisco.mossi/.m2/repository/io/vertx/vertx-bridge-common/4.3.2/vertx-bridge-common-4.3.2.jar:/Users/francisco.mossi/.m2/repository/io/vertx/vertx-core/4.3.2/vertx-core-4.3.2.jar:/Users/francisco.mossi/.m2/repository/io/netty/netty-common/4.1.79.Final/netty-common-4.1.79.Final.jar:/Users/francisco.mossi/.m2/repository/io/netty/netty-handler-proxy/4.1.79.Final/netty-handler-proxy-4.1.79.Final.jar:/Users/francisco.mossi/.m2/repository/io/netty/netty-codec-socks/4.1.79.Final/netty-codec-socks-4.1.79.Final.jar:/Users/francisco.mossi/.m2/repository/io/netty/netty-resolver/4.1.79.Final/netty-resolver-4.1.79.Final.jar:/Users/francisco.mossi/.m2/repository/io/netty/netty-resolver-dns/4.1.79.Final/netty-resolver-dns-4.1.79.Final.jar:/Users/francisco.mossi/.m2/repository/io/netty/netty-codec-dns/4.1.79.Final/netty-codec-dns-4.1.79.Final.jar:/Users/francisco.mossi/.m2/repository/com/fasterxml/jackson/core/jackson-core/2.13.3/jackson-core-2.13.3.jar:/Users/francisco.mossi/.m2/repository/io/smallrye/reactive/smallrye-mutiny-vertx-core/2.25.0/smallrye-mutiny-vertx-core-2.25.0.jar:/Users/francisco.mossi/.m2/repository/io/smallrye/reactive/smallrye-mutiny-vertx-runtime/2.25.0/smallrye-mutiny-vertx-runtime-2.25.0.jar:/Users/francisco.mossi/.m2/repository/io/smallrye/reactive/vertx-mutiny-generator/2.25.0/vertx-mutiny-generator-2.25.0.jar:/Users/francisco.mossi/.m2/repository/io/vertx/vertx-codegen/4.3.2/vertx-codegen-4.3.2.jar:/Users/francisco.mossi/.m2/repository/io/quarkus/resteasy/reactive/resteasy-reactive/2.12.0.Final/resteasy-reactive-2.12.0.Final.jar:/Users/francisco.mossi/.m2/repository/org/jboss/spec/javax/ws/rs/jboss-jaxrs-api_2.1_spec/2.0.1.Final/jboss-jaxrs-api_2.1_spec-2.0.1.Final.jar:/Users/francisco.mossi/.m2/repository/org/jboss/logging/commons-logging-jboss-logging/1.0.0.Final/commons-logging-jboss-logging-1.0.0.Final.jar:/Users/francisco.mossi/.m2/repository/io/quarkus/quarkus-vertx-http/2.12.0.Final/quarkus-vertx-http-2.12.0.Final.jar:/Users/francisco.mossi/.m2/repository/io/quarkus/quarkus-security-runtime-spi/2.12.0.Final/quarkus-security-runtime-spi-2.12.0.Final.jar:/Users/francisco.mossi/.m2/repository/io/quarkus/quarkus-credentials/2.12.0.Final/quarkus-credentials-2.12.0.Final.jar:/Users/francisco.mossi/.m2/repository/io/smallrye/common/smallrye-common-vertx-context/1.13.0/smallrye-common-vertx-context-1.13.0.jar:/Users/francisco.mossi/.m2/repository/io/smallrye/common/smallrye-common-constraint/1.13.0/smallrye-common-constraint-1.13.0.jar:/Users/francisco.mossi/.m2/repository/io/quarkus/quarkus-vertx-http-dev-console-runtime-spi/2.12.0.Final/quarkus-vertx-http-dev-console-runtime-spi-2.12.0.Final.jar:/Users/francisco.mossi/.m2/repository/io/quarkus/security/quarkus-security/1.1.4.Final/quarkus-security-1.1.4.Final.jar:/Users/francisco.mossi/.m2/repository/io/smallrye/reactive/smallrye-mutiny-vertx-web/2.25.0/smallrye-mutiny-vertx-web-2.25.0.jar:/Users/francisco.mossi/.m2/repository/io/smallrye/reactive/smallrye-mutiny-vertx-web-common/2.25.0/smallrye-mutiny-vertx-web-common-2.25.0.jar:/Users/francisco.mossi/.m2/repository/io/smallrye/reactive/smallrye-mutiny-vertx-auth-common/2.25.0/smallrye-mutiny-vertx-auth-common-2.25.0.jar:/Users/francisco.mossi/.m2/repository/io/smallrye/reactive/smallrye-mutiny-vertx-bridge-common/2.25.0/smallrye-mutiny-vertx-bridge-common-2.25.0.jar:/Users/francisco.mossi/.m2/repository/io/smallrye/reactive/smallrye-mutiny-vertx-uri-template/2.25.0/smallrye-mutiny-vertx-uri-template-2.25.0.jar:/Users/francisco.mossi/.m2/repository/io/vertx/vertx-uri-template/4.3.2/vertx-uri-template-4.3.2.jar:/Users/francisco.mossi/.m2/repository/io/github/crac/org-crac/0.1.1/org-crac-0.1.1.jar:/Users/francisco.mossi/.m2/repository/io/quarkus/quarkus-jsonp/2.12.0.Final/quarkus-jsonp-2.12.0.Final.jar:/Users/francisco.mossi/.m2/repository/org/glassfish/jakarta.json/1.1.6/jakarta.json-1.1.6.jar:/Users/francisco.mossi/.m2/repository/io/quarkus/quarkus-resteasy-reactive-jackson/2.12.0.Final/quarkus-resteasy-reactive-jackson-2.12.0.Final.jar:/Users/francisco.mossi/.m2/repository/io/quarkus/quarkus-resteasy-reactive-jackson-common/2.12.0.Final/quarkus-resteasy-reactive-jackson-common-2.12.0.Final.jar:/Users/francisco.mossi/.m2/repository/io/quarkus/resteasy/reactive/resteasy-reactive-jackson/2.12.0.Final/resteasy-reactive-jackson-2.12.0.Final.jar:/Users/francisco.mossi/.m2/repository/com/fasterxml/jackson/core/jackson-databind/2.13.3/jackson-databind-2.13.3.jar:/Users/francisco.mossi/.m2/repository/com/fasterxml/jackson/core/jackson-annotations/2.13.3/jackson-annotations-2.13.3.jar:/Users/francisco.mossi/.m2/repository/io/quarkus/quarkus-jackson/2.12.0.Final/quarkus-jackson-2.12.0.Final.jar:/Users/francisco.mossi/.m2/repository/com/fasterxml/jackson/datatype/jackson-datatype-jsr310/2.13.3/jackson-datatype-jsr310-2.13.3.jar:/Users/francisco.mossi/.m2/repository/com/fasterxml/jackson/datatype/jackson-datatype-jdk8/2.13.3/jackson-datatype-jdk8-2.13.3.jar:/Users/francisco.mossi/.m2/repository/com/fasterxml/jackson/module/jackson-module-parameter-names/2.13.3/jackson-module-parameter-names-2.13.3.jar:/Users/francisco.mossi/.m2/repository/io/quarkus/quarkus-junit5/2.12.0.Final/quarkus-junit5-2.12.0.Final.jar:/Users/francisco.mossi/.m2/repository/io/quarkus/quarkus-bootstrap-core/2.12.0.Final/quarkus-bootstrap-core-2.12.0.Final.jar:/Users/francisco.mossi/.m2/repository/io/quarkus/quarkus-bootstrap-app-model/2.12.0.Final/quarkus-bootstrap-app-model-2.12.0.Final.jar:/Users/francisco.mossi/.m2/repository/io/quarkus/quarkus-bootstrap-maven-resolver/2.12.0.Final/quarkus-bootstrap-maven-resolver-2.12.0.Final.jar:/Users/francisco.mossi/.m2/repository/org/apache/maven/maven-embedder/3.8.6/maven-embedder-3.8.6.jar:/Users/francisco.mossi/.m2/repository/org/apache/maven/maven-settings/3.8.6/maven-settings-3.8.6.jar:/Users/francisco.mossi/.m2/repository/org/apache/maven/maven-core/3.8.6/maven-core-3.8.6.jar:/Users/francisco.mossi/.m2/repository/org/apache/maven/maven-artifact/3.8.6/maven-artifact-3.8.6.jar:/Users/francisco.mossi/.m2/repository/org/codehaus/plexus/plexus-component-annotations/2.1.0/plexus-component-annotations-2.1.0.jar:/Users/francisco.mossi/.m2/repository/org/apache/maven/maven-plugin-api/3.8.6/maven-plugin-api-3.8.6.jar:/Users/francisco.mossi/.m2/repository/org/apache/maven/maven-model/3.8.6/maven-model-3.8.6.jar:/Users/francisco.mossi/.m2/repository/org/apache/maven/maven-model-builder/3.8.6/maven-model-builder-3.8.6.jar:/Users/francisco.mossi/.m2/repository/org/apache/maven/maven-builder-support/3.8.6/maven-builder-support-3.8.6.jar:/Users/francisco.mossi/.m2/repository/org/apache/maven/resolver/maven-resolver-api/1.6.3/maven-resolver-api-1.6.3.jar:/Users/francisco.mossi/.m2/repository/org/apache/maven/resolver/maven-resolver-util/1.6.3/maven-resolver-util-1.6.3.jar:/Users/francisco.mossi/.m2/repository/org/apache/maven/shared/maven-shared-utils/3.3.4/maven-shared-utils-3.3.4.jar:/Users/francisco.mossi/.m2/repository/commons-io/commons-io/2.11.0/commons-io-2.11.0.jar:/Users/francisco.mossi/.m2/repository/com/google/inject/guice/4.2.2/guice-4.2.2-no_aop.jar:/Users/francisco.mossi/.m2/repository/com/google/guava/guava/31.1-jre/guava-31.1-jre.jar:/Users/francisco.mossi/.m2/repository/com/google/guava/failureaccess/1.0.1/failureaccess-1.0.1.jar:/Users/francisco.mossi/.m2/repository/org/codehaus/plexus/plexus-classworlds/2.6.0/plexus-classworlds-2.6.0.jar:/Users/francisco.mossi/.m2/repository/org/codehaus/plexus/plexus-sec-dispatcher/2.0/plexus-sec-dispatcher-2.0.jar:/Users/francisco.mossi/.m2/repository/org/codehaus/plexus/plexus-cipher/2.0/plexus-cipher-2.0.jar:/Users/francisco.mossi/.m2/repository/commons-cli/commons-cli/1.4/commons-cli-1.4.jar:/Users/francisco.mossi/.m2/repository/org/eclipse/sisu/org.eclipse.sisu.plexus/0.3.5/org.eclipse.sisu.plexus-0.3.5.jar:/Users/francisco.mossi/.m2/repository/org/apache/maven/maven-settings-builder/3.8.6/maven-settings-builder-3.8.6.jar:/Users/francisco.mossi/.m2/repository/org/codehaus/plexus/plexus-interpolation/1.26/plexus-interpolation-1.26.jar:/Users/francisco.mossi/.m2/repository/org/apache/maven/maven-resolver-provider/3.8.6/maven-resolver-provider-3.8.6.jar:/Users/francisco.mossi/.m2/repository/org/apache/maven/maven-repository-metadata/3.8.6/maven-repository-metadata-3.8.6.jar:/Users/francisco.mossi/.m2/repository/org/apache/maven/resolver/maven-resolver-spi/1.6.3/maven-resolver-spi-1.6.3.jar:/Users/francisco.mossi/.m2/repository/org/apache/maven/resolver/maven-resolver-impl/1.6.3/maven-resolver-impl-1.6.3.jar:/Users/francisco.mossi/.m2/repository/org/codehaus/plexus/plexus-utils/3.3.0/plexus-utils-3.3.0.jar:/Users/francisco.mossi/.m2/repository/org/apache/maven/resolver/maven-resolver-connector-basic/1.6.3/maven-resolver-connector-basic-1.6.3.jar:/Users/francisco.mossi/.m2/repository/org/apache/maven/resolver/maven-resolver-transport-wagon/1.6.3/maven-resolver-transport-wagon-1.6.3.jar:/Users/francisco.mossi/.m2/repository/org/apache/maven/wagon/wagon-http/3.5.1/wagon-http-3.5.1.jar:/Users/francisco.mossi/.m2/repository/org/apache/maven/wagon/wagon-http-shared/3.5.1/wagon-http-shared-3.5.1.jar:/Users/francisco.mossi/.m2/repository/org/apache/maven/wagon/wagon-provider-api/3.5.1/wagon-provider-api-3.5.1.jar:/Users/francisco.mossi/.m2/repository/org/apache/maven/wagon/wagon-file/3.5.1/wagon-file-3.5.1.jar:/Users/francisco.mossi/.m2/repository/io/quarkus/quarkus-bootstrap-gradle-resolver/2.12.0.Final/quarkus-bootstrap-gradle-resolver-2.12.0.Final.jar:/Users/francisco.mossi/.m2/repository/io/smallrye/common/smallrye-common-io/1.13.0/smallrye-common-io-1.13.0.jar:/Users/francisco.mossi/.m2/repository/org/eclipse/sisu/org.eclipse.sisu.inject/0.3.5/org.eclipse.sisu.inject-0.3.5.jar:/Users/francisco.mossi/.m2/repository/io/quarkus/quarkus-test-common/2.12.0.Final/quarkus-test-common-2.12.0.Final.jar:/Users/francisco.mossi/.m2/repository/io/quarkus/quarkus-core-deployment/2.12.0.Final/quarkus-core-deployment-2.12.0.Final.jar:/Users/francisco.mossi/.m2/repository/org/aesh/readline/2.2/readline-2.2.jar:/Users/francisco.mossi/.m2/repository/org/fusesource/jansi/jansi/1.18/jansi-1.18.jar:/Users/francisco.mossi/.m2/repository/org/aesh/aesh/2.6/aesh-2.6.jar:/Users/francisco.mossi/.m2/repository/io/quarkus/gizmo/gizmo/1.1.0.Final/gizmo-1.1.0.Final.jar:/Users/francisco.mossi/.m2/repository/org/ow2/asm/asm-util/9.3/asm-util-9.3.jar:/Users/francisco.mossi/.m2/repository/org/ow2/asm/asm/9.3/asm-9.3.jar:/Users/francisco.mossi/.m2/repository/org/ow2/asm/asm-commons/9.3/asm-commons-9.3.jar:/Users/francisco.mossi/.m2/repository/org/ow2/asm/asm-tree/9.3/asm-tree-9.3.jar:/Users/francisco.mossi/.m2/repository/org/ow2/asm/asm-analysis/9.3/asm-analysis-9.3.jar:/Users/francisco.mossi/.m2/repository/io/quarkus/quarkus-class-change-agent/2.12.0.Final/quarkus-class-change-agent-2.12.0.Final.jar:/Users/francisco.mossi/.m2/repository/io/quarkus/quarkus-devtools-utilities/2.12.0.Final/quarkus-devtools-utilities-2.12.0.Final.jar:/Users/francisco.mossi/.m2/repository/io/quarkus/quarkus-builder/2.12.0.Final/quarkus-builder-2.12.0.Final.jar:/Users/francisco.mossi/.m2/repository/org/junit/platform/junit-platform-launcher/1.9.0/junit-platform-launcher-1.9.0.jar:/Users/francisco.mossi/.m2/repository/org/jboss/jandex/2.4.3.Final/jandex-2.4.3.Final.jar:/Users/francisco.mossi/.m2/repository/io/quarkus/quarkus-junit5-properties/2.12.0.Final/quarkus-junit5-properties-2.12.0.Final.jar:/Users/francisco.mossi/.m2/repository/org/junit/jupiter/junit-jupiter/5.9.0/junit-jupiter-5.9.0.jar:/Users/francisco.mossi/.m2/repository/org/junit/jupiter/junit-jupiter-params/5.9.0/junit-jupiter-params-5.9.0.jar:/Users/francisco.mossi/.m2/repository/org/junit/jupiter/junit-jupiter-engine/5.9.0/junit-jupiter-engine-5.9.0.jar:/Users/francisco.mossi/.m2/repository/org/junit/platform/junit-platform-engine/1.9.0/junit-platform-engine-1.9.0.jar:/Users/francisco.mossi/.m2/repository/com/thoughtworks/xstream/xstream/1.4.19/xstream-1.4.19.jar:/Users/francisco.mossi/.m2/repository/io/github/x-stream/mxparser/1.2.2/mxparser-1.2.2.jar:/Users/francisco.mossi/.m2/repository/xmlpull/xmlpull/1.1.3.1/xmlpull-1.1.3.1.jar:/Users/francisco.mossi/.m2/repository/io/rest-assured/rest-assured/4.5.1/rest-assured-4.5.1.jar:/Users/francisco.mossi/.m2/repository/org/codehaus/groovy/groovy/3.0.9/groovy-3.0.9.jar:/Users/francisco.mossi/.m2/repository/org/codehaus/groovy/groovy-xml/3.0.9/groovy-xml-3.0.9.jar:/Users/francisco.mossi/.m2/repository/org/apache/httpcomponents/httpclient/4.5.13/httpclient-4.5.13.jar:/Users/francisco.mossi/.m2/repository/org/apache/httpcomponents/httpcore/4.4.15/httpcore-4.4.15.jar:/Users/francisco.mossi/.m2/repository/commons-codec/commons-codec/1.15/commons-codec-1.15.jar:/Users/francisco.mossi/.m2/repository/org/apache/httpcomponents/httpmime/4.5.13/httpmime-4.5.13.jar:/Users/francisco.mossi/.m2/repository/org/hamcrest/hamcrest/2.1/hamcrest-2.1.jar:/Users/francisco.mossi/.m2/repository/org/ccil/cowan/tagsoup/tagsoup/1.2.1/tagsoup-1.2.1.jar:/Users/francisco.mossi/.m2/repository/io/rest-assured/json-path/4.5.1/json-path-4.5.1.jar:/Users/francisco.mossi/.m2/repository/org/codehaus/groovy/groovy-json/3.0.9/groovy-json-3.0.9.jar:/Users/francisco.mossi/.m2/repository/io/rest-assured/rest-assured-common/4.5.1/rest-assured-common-4.5.1.jar:/Users/francisco.mossi/.m2/repository/io/rest-assured/xml-path/4.5.1/xml-path-4.5.1.jar:/Users/francisco.mossi/.m2/repository/org/apache/commons/commons-lang3/3.12.0/commons-lang3-3.12.0.jar:"/>
    <property name="sun.cpu.endian" value="little"/>
    <property name="user.home" value="/Users/francisco.mossi"/>
    <property name="user.language" value="pt"/>
    <property name="java.specification.vendor" value="Oracle Corporation"/>
    <property name="java.version.date" value="2022-04-22"/>
    <property name="java.home" value="/usr/local/Cellar/openjdk/18.0.1.1/libexec/openjdk.jdk/Contents/Home"/>
    <property name="file.separator" value="/"/>
    <property name="basedir" value="/Users/francisco.mossi/Documents/ifrs/vvs-junit5"/>
    <property name="java.vm.compressedOopsMode" value="Zero based"/>
    <property name="line.separator" value="&#10;"/>
    <property name="java.vm.specification.vendor" value="Oracle Corporation"/>
    <property name="java.specification.name" value="Java Platform API Specification"/>
    <property name="apple.awt.application.name" value="ForkedBooter"/>
    <property name="surefire.real.class.path" value="/Users/francisco.mossi/Documents/ifrs/vvs-junit5/target/surefire/surefirebooter-20221206193843878_3.jar"/>
    <property name="sun.management.compiler" value="HotSpot 64-Bit Tiered Compilers"/>
    <property name="ftp.nonProxyHosts" value="local|*.local|169.254/16|*.169.254/16"/>
    <property name="java.runtime.version" value="18.0.1.1+0"/>
    <property name="user.name" value="francisco.mossi"/>
    <property name="path.separator" value=":"/>
    <property name="os.version" value="12.4"/>
    <property name="java.runtime.name" value="OpenJDK Runtime Environment"/>
    <property name="file.encoding" value="UTF-8"/>
    <property name="java.vm.name" value="OpenJDK 64-Bit Server VM"/>
    <property name="java.vendor.version" value="Homebrew"/>
    <property name="localRepository" value="/Users/francisco.mossi/.m2/repository"/>
    <property name="java.vendor.url.bug" value="https://github.com/Homebrew/homebrew-core/issues"/>
    <property name="java.io.tmpdir" value="/var/folders/51/ydbl_z0n4zg99h8ct77xnxsh0000gp/T/"/>
    <property name="java.version" value="18.0.1.1"/>
    <property name="user.dir" value="/Users/francisco.mossi/Documents/ifrs/vvs-junit5"/>
    <property name="os.arch" value="x86_64"/>
    <property name="java.vm.specification.name" value="Java Virtual Machine Specification"/>
    <property name="native.encoding" value="UTF-8"/>
    <property name="java.util.logging.manager" value="org.jboss.logmanager.LogManager"/>
    <property name="java.library.path" value="/Users/francisco.mossi/Library/Java/Extensions:/Library/Java/Extensions:/Network/Library/Java/Extensions:/System/Library/Java/Extensions:/usr/lib/java:."/>
    <property name="java.vm.info" value="mixed mode, sharing"/>
    <property name="java.vendor" value="Homebrew"/>
    <property name="java.vm.version" value="18.0.1.1+0"/>
    <property name="sun.io.unicode.encoding" value="UnicodeBig"/>
    <property name="socksNonProxyHosts" value="local|*.local|169.254/16|*.169.254/16"/>
    <property name="java.class.version" value="62.0"/>
  </properties>
  <testcase name="registerSuccess" classname="dev.ifrs.UserTest" time="0.639"/>
  <testcase name="registerFail" classname="dev.ifrs.UserTest" time="0.003"/>
</testsuite>